âœ“ wandb ì´ˆê¸°í™” ì„±ê³µ: pqg511gq
ğŸ“‚ ë¬¸ì„œë¥¼ ë¡œë“œí•  ë””ë ‰í† ë¦¬: /Users/seonwoong/PycharmProjects/langchain_graph/data
ğŸ“„ ë°œê²¬ëœ íŒŒì¼: ['stock_questions3.txt', 'stock_questions2.txt', 'stock_knowledge.txt', 'technical_analysis.txt', 'stock_questions.txt', 'global_markets.txt']
   í™•ì¸ ì¤‘: stock_questions3.txt (is_file: True, endswith .txt: True)
   âœ“ íŒŒì¼ ì½ê¸° ì„±ê³µ: stock_questions3.txt (ê¸¸ì´: 3010 ì)
   í™•ì¸ ì¤‘: stock_questions2.txt (is_file: True, endswith .txt: True)
   âœ“ íŒŒì¼ ì½ê¸° ì„±ê³µ: stock_questions2.txt (ê¸¸ì´: 3152 ì)
   í™•ì¸ ì¤‘: stock_knowledge.txt (is_file: True, endswith .txt: True)
   âœ“ íŒŒì¼ ì½ê¸° ì„±ê³µ: stock_knowledge.txt (ê¸¸ì´: 3066 ì)
   í™•ì¸ ì¤‘: technical_analysis.txt (is_file: True, endswith .txt: True)
   âœ“ íŒŒì¼ ì½ê¸° ì„±ê³µ: technical_analysis.txt (ê¸¸ì´: 3750 ì)
   í™•ì¸ ì¤‘: stock_questions.txt (is_file: True, endswith .txt: True)
   âœ“ íŒŒì¼ ì½ê¸° ì„±ê³µ: stock_questions.txt (ê¸¸ì´: 2964 ì)
   í™•ì¸ ì¤‘: global_markets.txt (is_file: True, endswith .txt: True)
   âœ“ íŒŒì¼ ì½ê¸° ì„±ê³µ: global_markets.txt (ê¸¸ì´: 4103 ì)
ğŸ”¢ ë¡œë“œëœ ë¬¸ì„œ ìˆ˜: 6
ë¬¸ì„œë¥¼ 26ê°œì˜ ì²­í¬ë¡œ ë¶„í• í–ˆìŠµë‹ˆë‹¤.
ê¸°ì¡´ ë²¡í„° ì €ì¥ì†Œë¥¼ ë¡œë“œí•©ë‹ˆë‹¤(/Users/seonwoong/PycharmProjects/langchain_graph/chroma_db)...
Ollama LLMì„ ì´ˆê¸°í™”í•©ë‹ˆë‹¤(exaone3.5:latest)...
ê¸°ë³¸ í”„ë¡¬í”„íŠ¸ë¥¼ ì‚¬ìš©í•©ë‹ˆë‹¤.

í”„ë¡¬í”„íŠ¸ ìœ í˜•: default

=== Ollama RAG ì‹œìŠ¤í…œì— ì§ˆë¬¸í•˜ê¸° (ì¢…ë£Œí•˜ë ¤ë©´ 'exit' ì…ë ¥) ===
íŠ¹ë³„ ëª…ë ¹ì–´: 'sources' - ë§ˆì§€ë§‰ ì§ˆë¬¸ì— ì‚¬ìš©ëœ ë¬¸ì„œ ì²­í¬ì™€ ìœ ì‚¬ë„ ì ìˆ˜ í‘œì‹œ
ì‘ë‹µ ìƒì„± ì¤‘ ì˜¤ë¥˜ ë°œìƒ: Expected embeddings to be a list of floats or ints, a list of lists, a numpy array, or a list of numpy arrays, got ì£¼ì‹ì‹œì¥ì´ë€ in query.
ìƒì„¸ ì˜¤ë¥˜: Traceback (most recent call last):
  File "/Users/seonwoong/PycharmProjects/langchain_graph/langchain/lib/python3.11/site-packages/chromadb/api/models/CollectionCommon.py", line 90, in wrapper
    return func(self, *args, **kwargs)
           ^^^^^^^^^^^^^^^^^^^^^^^^^^^
  File "/Users/seonwoong/PycharmProjects/langchain_graph/langchain/lib/python3.11/site-packages/chromadb/api/models/CollectionCommon.py", line 280, in _validate_and_prepare_query_request
    query_records = normalize_base_record_set(
                    ^^^^^^^^^^^^^^^^^^^^^^^^^^
  File "/Users/seonwoong/PycharmProjects/langchain_graph/langchain/lib/python3.11/site-packages/chromadb/api/types.py", line 164, in normalize_base_record_set
    embeddings=normalize_embeddings(embeddings),
               ^^^^^^^^^^^^^^^^^^^^^^^^^^^^^^^^
  File "/Users/seonwoong/PycharmProjects/langchain_graph/langchain/lib/python3.11/site-packages/chromadb/api/types.py", line 88, in normalize_embeddings
    raise ValueError(
ValueError: Expected embeddings to be a list of floats or ints, a list of lists, a numpy array, or a list of numpy arrays, got ì£¼ì‹ì‹œì¥ì´ë€

During handling of the above exception, another exception occurred:

Traceback (most recent call last):
  File "/Users/seonwoong/PycharmProjects/langchain_graph/ollama_rag.py", line 353, in main
    docs_with_scores = vector_store.similarity_search_by_vector(query, k=1)
                       ^^^^^^^^^^^^^^^^^^^^^^^^^^^^^^^^^^^^^^^^^^^^^^^^^^^^
  File "/Users/seonwoong/PycharmProjects/langchain_graph/langchain/lib/python3.11/site-packages/langchain_chroma/vectorstores.py", line 634, in similarity_search_by_vector
    results = self.__query_collection(
              ^^^^^^^^^^^^^^^^^^^^^^^^
  File "/Users/seonwoong/PycharmProjects/langchain_graph/langchain/lib/python3.11/site-packages/langchain_core/utils/utils.py", line 53, in wrapper
    return func(*args, **kwargs)
           ^^^^^^^^^^^^^^^^^^^^^
  File "/Users/seonwoong/PycharmProjects/langchain_graph/langchain/lib/python3.11/site-packages/langchain_chroma/vectorstores.py", line 398, in __query_collection
    return self._collection.query(
           ^^^^^^^^^^^^^^^^^^^^^^^
  File "/Users/seonwoong/PycharmProjects/langchain_graph/langchain/lib/python3.11/site-packages/chromadb/api/models/Collection.py", line 211, in query
    query_request = self._validate_and_prepare_query_request(
                    ^^^^^^^^^^^^^^^^^^^^^^^^^^^^^^^^^^^^^^^^^
  File "/Users/seonwoong/PycharmProjects/langchain_graph/langchain/lib/python3.11/site-packages/chromadb/api/models/CollectionCommon.py", line 93, in wrapper
    raise type(e)(msg).with_traceback(e.__traceback__)
  File "/Users/seonwoong/PycharmProjects/langchain_graph/langchain/lib/python3.11/site-packages/chromadb/api/models/CollectionCommon.py", line 90, in wrapper
    return func(self, *args, **kwargs)
           ^^^^^^^^^^^^^^^^^^^^^^^^^^^
  File "/Users/seonwoong/PycharmProjects/langchain_graph/langchain/lib/python3.11/site-packages/chromadb/api/models/CollectionCommon.py", line 280, in _validate_and_prepare_query_request
    query_records = normalize_base_record_set(
                    ^^^^^^^^^^^^^^^^^^^^^^^^^^
  File "/Users/seonwoong/PycharmProjects/langchain_graph/langchain/lib/python3.11/site-packages/chromadb/api/types.py", line 164, in normalize_base_record_set
    embeddings=normalize_embeddings(embeddings),
               ^^^^^^^^^^^^^^^^^^^^^^^^^^^^^^^^
  File "/Users/seonwoong/PycharmProjects/langchain_graph/langchain/lib/python3.11/site-packages/chromadb/api/types.py", line 88, in normalize_embeddings
    raise ValueError(
ValueError: Expected embeddings to be a list of floats or ints, a list of lists, a numpy array, or a list of numpy arrays, got ì£¼ì‹ì‹œì¥ì´ë€ in query.
Traceback (most recent call last):
  File "/Users/seonwoong/PycharmProjects/langchain_graph/ollama_rag.py", line 471, in <module>
    main()
  File "/Users/seonwoong/PycharmProjects/langchain_graph/ollama_rag.py", line 341, in main
    query = input("\nì§ˆë¬¸: ")
            ^^^^^^^^^^^^^^^^^
KeyboardInterrupt
Exception ignored in atexit callback: <bound method Client.join of <posthog.client.Client object at 0x14f3bca90>>
Traceback (most recent call last):
  File "/Users/seonwoong/PycharmProjects/langchain_graph/langchain/lib/python3.11/site-packages/posthog/client.py", line 617, in join
    consumer.join()
  File "/opt/homebrew/Cellar/python@3.11/3.11.10/Frameworks/Python.framework/Versions/3.11/lib/python3.11/threading.py", line 1119, in join
    self._wait_for_tstate_lock()
  File "/opt/homebrew/Cellar/python@3.11/3.11.10/Frameworks/Python.framework/Versions/3.11/lib/python3.11/threading.py", line 1139, in _wait_for_tstate_lock
    if lock.acquire(block, timeout):
       ^^^^^^^^^^^^^^^^^^^^^^^^^^^^
KeyboardInterrupt:
Exception ignored in atexit callback: <function _start_and_connect_service.<locals>.teardown_atexit at 0x15c80b600>
Traceback (most recent call last):
  File "/Users/seonwoong/PycharmProjects/langchain_graph/langchain/lib/python3.11/site-packages/wandb/sdk/lib/service_connection.py", line 94, in teardown_atexit
    conn.teardown(hooks.exit_code)
  File "/Users/seonwoong/PycharmProjects/langchain_graph/langchain/lib/python3.11/site-packages/wandb/sdk/lib/service_connection.py", line 226, in teardown
    self._router.join()
  File "/Users/seonwoong/PycharmProjects/langchain_graph/langchain/lib/python3.11/site-packages/wandb/sdk/interface/router.py", line 75, in join
    self._thread.join()
  File "/opt/homebrew/Cellar/python@3.11/3.11.10/Frameworks/Python.framework/Versions/3.11/lib/python3.11/threading.py", line 1119, in join
    self._wait_for_tstate_lock()
  File "/opt/homebrew/Cellar/python@3.11/3.11.10/Frameworks/Python.framework/Versions/3.11/lib/python3.11/threading.py", line 1139, in _wait_for_tstate_lock
    if lock.acquire(block, timeout):
       ^^^^^^^^^^^^^^^^^^^^^^^^^^^^
KeyboardInterrupt:
